            --------------------------------------------------------
                             AMBER SQM VERSION 19
 
                                     By
              Ross C. Walker, Michael F. Crowley, Scott Brozell,
                         Tim Giese, Andreas W. Goetz,
                        Tai-Sung Lee and David A. Case
 
            --------------------------------------------------------
 

--------------------------------------------------------------------------------
  QM CALCULATION INFO
--------------------------------------------------------------------------------

| QMMM: Citation for AMBER QMMM Run:
| QMMM: R.C. Walker, M.F. Crowley and D.A. Case, J. COMP. CHEM. 29:1019, 2008

QMMM: SINGLET STATE CALCULATION
QMMM: RHF CALCULATION, NO. OF DOUBLY OCCUPIED LEVELS = 16

| QMMM: *** Selected Hamiltonian *** 
| QMMM: AM1         

| QMMM: *** Parameter sets in use ***
| QMMM: Cl: M.J.S.DEWAR et al. THEOCHEM, 180, 1, (1988)
| QMMM: O : M.J.S.DEWAR et al. JACS, 107, 3902, (1985)

| QMMM: *** SCF convergence criteria ***
| QMMM: Energy change                :  0.1D-09 kcal/mol
| QMMM: Error matrix |FP-PF|         :  0.1D+00 au
| QMMM: Density matrix change        :  0.5D-06
| QMMM: Maximum number of SCF cycles :     1000

| QMMM: *** Diagonalization Routine Information ***
| QMMM: Pseudo diagonalizations are allowed.
| QMMM: Auto diagonalization routine selection is in use.
| QMMM:
| QMMM: Timing diagonalization routines:
| QMMM:                              norbs =       20
| QMMM:    diag iterations used for timing =       20
| QMMM:
| QMMM:              Internal diag routine = 0.000597 seconds
| QMMM:                 Dspev diag routine = 0.000751 seconds
| QMMM:                Dspevd diag routine = 0.000728 seconds
| QMMM:                Dspevx diag routine = 0.003767 seconds
| QMMM:                 Dsyev diag routine = 0.000670 seconds
| QMMM:                Dsyevd diag routine = 0.000741 seconds
| QMMM:                Dsyevr diag routine = 0.000845 seconds
| QMMM:
| QMMM:                Pseudo diag routine = 0.000217 seconds
| QMMM:
| QMMM: Using internal diagonalization routine (diag_routine=1).

  QMMM: QM Region Cartesian Coordinates (*=link atom) 
  QMMM: QM_NO.   MM_NO.  ATOM         X         Y         Z
  QMMM:     1        1      Cl       0.0000    0.0000    0.0000
  QMMM:     2        2      O        0.0000   -1.1660   -0.8240
  QMMM:     3        3      O        0.0000    1.1660   -0.8240
  QMMM:     4        4      O       -1.1660    0.0000    0.8240
  QMMM:     5        5      O        1.1660    0.0000    0.8240

--------------------------------------------------------------------------------
  RESULTS
--------------------------------------------------------------------------------

      iter         sqm energy              rms gradient
      ----    -------------------    -----------------------
xmin    10      166.1858 kcal/mol        0.0005 kcal/(mol*A)
  ... geometry converged !
 
 Final MO eigenvalues (eV):
 -37.2436  -27.9527  -27.9526  -27.9526  -26.4694  -12.8881  -12.8881  -12.8881
  -7.6799   -7.6799   -7.6169   -7.6169   -7.6169   -7.2374   -7.2374   -7.2374
   1.2941    5.5623    5.5623    5.5623

 Heat of formation   =        166.18578220 kcal/mol  (        7.20635628 eV)

 Total SCF energy    =     -37842.59235797 kcal/mol  (    -1640.97794363 eV)
 Electronic energy   =     -89670.36732059 kcal/mol  (    -3888.39891248 eV)
 Core-core repulsion =      51827.77496262 kcal/mol  (     2247.42096885 eV)
 
    Atomic Charges for Step       1 :
  Atom    Element       Mulliken Charge
     1      Cl                 1.011
     2      O                 -0.503
     3      O                 -0.503
     4      O                 -0.503
     5      O                 -0.503
 Total Mulliken Charge =      -1.000
 
                  X        Y        Z     TOTAL  
  QM DIPOLE    -0.000    0.000    0.000    0.000
 
 Final Structure

  QMMM: QM Region Cartesian Coordinates (*=link atom) 
  QMMM: QM_NO.   MM_NO.  ATOM         X         Y         Z
  QMMM:     1        1      Cl      -0.0000   -0.0000    0.0000
  QMMM:     2        2      O        0.0001   -1.4442   -1.0212
  QMMM:     3        3      O       -0.0001    1.4442   -1.0212
  QMMM:     4        4      O       -1.4442   -0.0001    1.0212
  QMMM:     5        5      O        1.4442    0.0001    1.0212

           --------- Calculation Completed ----------

